The system is: Darwin - 22.1.0 - x86_64
Compiling the C compiler identification source file "CMakeCCompilerId.c" succeeded.
Compiler: /Users/usamiryuuichi/opt/anaconda3/envs/tello-p/bin/x86_64-apple-darwin13.4.0-clang 
Build flags: -march=core2;-mtune=haswell;-mssse3;-ftree-vectorize;-fPIC;-fPIE;-fstack-protector-strong;-O2;-pipe;-isystem;/Users/usamiryuuichi/opt/anaconda3/envs/tello-p/include
Id flags:  

The output was:
0


Compilation of the C compiler identification source "CMakeCCompilerId.c" produced "a.out"

The C compiler identification is Clang, found in "/Users/usamiryuuichi/Desktop/h264decoder/build/CMakeFiles/3.22.1/CompilerIdC/a.out"

Compiling the CXX compiler identification source file "CMakeCXXCompilerId.cpp" succeeded.
Compiler: /Users/usamiryuuichi/opt/anaconda3/envs/tello-p/bin/x86_64-apple-darwin13.4.0-clang++ 
Build flags: -march=core2;-mtune=haswell;-mssse3;-ftree-vectorize;-fPIC;-fPIE;-fstack-protector-strong;-O2;-pipe;-stdlib=libc++;-fvisibility-inlines-hidden;-fmessage-length=0;-isystem;/Users/usamiryuuichi/opt/anaconda3/envs/tello-p/include
Id flags:  

The output was:
0


Compilation of the CXX compiler identification source "CMakeCXXCompilerId.cpp" produced "a.out"

The CXX compiler identification is Clang, found in "/Users/usamiryuuichi/Desktop/h264decoder/build/CMakeFiles/3.22.1/CompilerIdCXX/a.out"

Detecting C compiler ABI info compiled with the following output:
Change Dir: /Users/usamiryuuichi/Desktop/h264decoder/build/CMakeFiles/CMakeTmp

Run Build Command(s):/usr/bin/make -f Makefile cmTC_b6265/fast && /Applications/Xcode.app/Contents/Developer/usr/bin/make  -f CMakeFiles/cmTC_b6265.dir/build.make CMakeFiles/cmTC_b6265.dir/build
Building C object CMakeFiles/cmTC_b6265.dir/CMakeCCompilerABI.c.o
/Users/usamiryuuichi/opt/anaconda3/envs/tello-p/bin/x86_64-apple-darwin13.4.0-clang   -march=core2 -mtune=haswell -mssse3 -ftree-vectorize -fPIC -fPIE -fstack-protector-strong -O2 -pipe -isystem /Users/usamiryuuichi/opt/anaconda3/envs/tello-p/include  -isysroot /Applications/Xcode.app/Contents/Developer/Platforms/MacOSX.platform/Developer/SDKs/MacOSX.sdk   -v -Wl,-v -MD -MT CMakeFiles/cmTC_b6265.dir/CMakeCCompilerABI.c.o -MF CMakeFiles/cmTC_b6265.dir/CMakeCCompilerABI.c.o.d -o CMakeFiles/cmTC_b6265.dir/CMakeCCompilerABI.c.o -c /Users/usamiryuuichi/opt/anaconda3/envs/tello-p/share/cmake-3.22/Modules/CMakeCCompilerABI.c
clang version 12.0.1
Target: x86_64-apple-darwin13.4.0
Thread model: posix
InstalledDir: /Users/usamiryuuichi/opt/anaconda3/envs/tello-p/bin
clang-12: warning: -Wl,-v: 'linker' input unused [-Wunused-command-line-argument]
 (in-process)
 "/Users/usamiryuuichi/opt/anaconda3/envs/tello-p/bin/clang-12" -cc1 -triple x86_64-apple-macosx12.3.0 -Wundef-prefix=TARGET_OS_OSX -Werror=undef-prefix -Wdeprecated-objc-isa-usage -Werror=deprecated-objc-isa-usage -emit-obj --mrelax-relocations -disable-free -disable-llvm-verifier -discard-value-names -main-file-name CMakeCCompilerABI.c -mrelocation-model pic -pic-level 2 -mframe-pointer=all -fno-rounding-math -munwind-tables -target-sdk-version=12.3 -fcompatibility-qualified-id-block-type-checking -fvisibility-inlines-hidden-static-local-var -target-cpu core2 -target-feature +ssse3 -tune-cpu haswell -debugger-tuning=lldb -target-linker-version 530 -v -resource-dir /Users/usamiryuuichi/opt/anaconda3/envs/tello-p/lib/clang/12.0.1 -dependency-file CMakeFiles/cmTC_b6265.dir/CMakeCCompilerABI.c.o.d -MT CMakeFiles/cmTC_b6265.dir/CMakeCCompilerABI.c.o -sys-header-deps -isystem /Users/usamiryuuichi/opt/anaconda3/envs/tello-p/include -isysroot /Applications/Xcode.app/Contents/Developer/Platforms/MacOSX.platform/Developer/SDKs/MacOSX.sdk -internal-isystem /Applications/Xcode.app/Contents/Developer/Platforms/MacOSX.platform/Developer/SDKs/MacOSX.sdk/usr/local/include -internal-isystem /Users/usamiryuuichi/opt/anaconda3/envs/tello-p/lib/clang/12.0.1/include -internal-externc-isystem /Applications/Xcode.app/Contents/Developer/Platforms/MacOSX.platform/Developer/SDKs/MacOSX.sdk/usr/include -O2 -fdebug-compilation-dir /Users/usamiryuuichi/Desktop/h264decoder/build/CMakeFiles/CMakeTmp -ferror-limit 19 -stack-protector 2 -fblocks -fencode-extended-block-signature -fregister-global-dtors-with-atexit -fgnuc-version=4.2.1 -fmax-type-align=16 -vectorize-loops -vectorize-slp -o CMakeFiles/cmTC_b6265.dir/CMakeCCompilerABI.c.o -x c /Users/usamiryuuichi/opt/anaconda3/envs/tello-p/share/cmake-3.22/Modules/CMakeCCompilerABI.c
clang -cc1 version 12.0.1 based upon LLVM 12.0.1 default target x86_64-apple-darwin22.1.0
ignoring nonexistent directory "/Applications/Xcode.app/Contents/Developer/Platforms/MacOSX.platform/Developer/SDKs/MacOSX.sdk/usr/local/include"
ignoring nonexistent directory "/Applications/Xcode.app/Contents/Developer/Platforms/MacOSX.platform/Developer/SDKs/MacOSX.sdk/Library/Frameworks"
#include "..." search starts here:
#include <...> search starts here:
 /Users/usamiryuuichi/opt/anaconda3/envs/tello-p/include
 /Users/usamiryuuichi/opt/anaconda3/envs/tello-p/lib/clang/12.0.1/include
 /Applications/Xcode.app/Contents/Developer/Platforms/MacOSX.platform/Developer/SDKs/MacOSX.sdk/usr/include
 /Applications/Xcode.app/Contents/Developer/Platforms/MacOSX.platform/Developer/SDKs/MacOSX.sdk/System/Library/Frameworks (framework directory)
End of search list.
Linking C executable cmTC_b6265
/Users/usamiryuuichi/opt/anaconda3/envs/tello-p/bin/cmake -E cmake_link_script CMakeFiles/cmTC_b6265.dir/link.txt --verbose=1
/Users/usamiryuuichi/opt/anaconda3/envs/tello-p/bin/x86_64-apple-darwin13.4.0-clang -march=core2 -mtune=haswell -mssse3 -ftree-vectorize -fPIC -fPIE -fstack-protector-strong -O2 -pipe -isystem /Users/usamiryuuichi/opt/anaconda3/envs/tello-p/include  -isysroot /Applications/Xcode.app/Contents/Developer/Platforms/MacOSX.platform/Developer/SDKs/MacOSX.sdk -Wl,-search_paths_first -Wl,-headerpad_max_install_names -Wl,-pie -Wl,-headerpad_max_install_names -Wl,-dead_strip_dylibs -Wl,-rpath,/Users/usamiryuuichi/opt/anaconda3/envs/tello-p/lib -L/Users/usamiryuuichi/opt/anaconda3/envs/tello-p/lib -v -Wl,-v CMakeFiles/cmTC_b6265.dir/CMakeCCompilerABI.c.o -o cmTC_b6265 
clang version 12.0.1
Target: x86_64-apple-darwin13.4.0
Thread model: posix
InstalledDir: /Users/usamiryuuichi/opt/anaconda3/envs/tello-p/bin
 "/Users/usamiryuuichi/opt/anaconda3/envs/tello-p/bin/x86_64-apple-darwin13.4.0-ld" -demangle -lto_library /Users/usamiryuuichi/opt/anaconda3/envs/tello-p/lib/libLTO.12.dylib -dynamic -arch x86_64 -platform_version macos 12.3.0 12.3 -pie -syslibroot /Applications/Xcode.app/Contents/Developer/Platforms/MacOSX.platform/Developer/SDKs/MacOSX.sdk -o cmTC_b6265 -L/Users/usamiryuuichi/opt/anaconda3/envs/tello-p/lib -search_paths_first -headerpad_max_install_names -pie -headerpad_max_install_names -dead_strip_dylibs -rpath /Users/usamiryuuichi/opt/anaconda3/envs/tello-p/lib -v CMakeFiles/cmTC_b6265.dir/CMakeCCompilerABI.c.o -lSystem /Users/usamiryuuichi/opt/anaconda3/envs/tello-p/lib/clang/12.0.1/lib/darwin/libclang_rt.osx.a
@(#)PROGRAM:ld  PROJECT:ld64-609
BUILD 21:07:21 Sep 14 2021
configured to support archs: armv6 armv7 armv7s arm64 arm64e arm64_32 i386 x86_64 x86_64h armv6m armv7k armv7m armv7em (tvOS)
Library search paths:
	/Users/usamiryuuichi/opt/anaconda3/envs/tello-p/lib
	/Applications/Xcode.app/Contents/Developer/Platforms/MacOSX.platform/Developer/SDKs/MacOSX.sdk/usr/lib
Framework search paths:
	/Applications/Xcode.app/Contents/Developer/Platforms/MacOSX.platform/Developer/SDKs/MacOSX.sdk/System/Library/Frameworks/



Parsed C implicit include dir info from above output: rv=done
  found start of include info
  found start of implicit include info
    add: [/Users/usamiryuuichi/opt/anaconda3/envs/tello-p/include]
    add: [/Users/usamiryuuichi/opt/anaconda3/envs/tello-p/lib/clang/12.0.1/include]
    add: [/Applications/Xcode.app/Contents/Developer/Platforms/MacOSX.platform/Developer/SDKs/MacOSX.sdk/usr/include]
  end of search list found
  collapse include dir [/Users/usamiryuuichi/opt/anaconda3/envs/tello-p/include] ==> [/Users/usamiryuuichi/opt/anaconda3/envs/tello-p/include]
  collapse include dir [/Users/usamiryuuichi/opt/anaconda3/envs/tello-p/lib/clang/12.0.1/include] ==> [/Users/usamiryuuichi/opt/anaconda3/envs/tello-p/lib/clang/12.0.1/include]
  collapse include dir [/Applications/Xcode.app/Contents/Developer/Platforms/MacOSX.platform/Developer/SDKs/MacOSX.sdk/usr/include] ==> [/Applications/Xcode.app/Contents/Developer/Platforms/MacOSX.platform/Developer/SDKs/MacOSX.sdk/usr/include]
  implicit include dirs: [/Users/usamiryuuichi/opt/anaconda3/envs/tello-p/include;/Users/usamiryuuichi/opt/anaconda3/envs/tello-p/lib/clang/12.0.1/include;/Applications/Xcode.app/Contents/Developer/Platforms/MacOSX.platform/Developer/SDKs/MacOSX.sdk/usr/include]


Parsed C implicit link information from above output:
  link line regex: [^( *|.*[/\])(x86_64-apple-darwin13\.4\.0-ld|CMAKE_LINK_STARTFILE-NOTFOUND|([^/\]+-)?ld|collect2)[^/\]*( |$)]
  ignore line: [Change Dir: /Users/usamiryuuichi/Desktop/h264decoder/build/CMakeFiles/CMakeTmp]
  ignore line: []
  ignore line: [Run Build Command(s):/usr/bin/make -f Makefile cmTC_b6265/fast && /Applications/Xcode.app/Contents/Developer/usr/bin/make  -f CMakeFiles/cmTC_b6265.dir/build.make CMakeFiles/cmTC_b6265.dir/build]
  ignore line: [Building C object CMakeFiles/cmTC_b6265.dir/CMakeCCompilerABI.c.o]
  ignore line: [/Users/usamiryuuichi/opt/anaconda3/envs/tello-p/bin/x86_64-apple-darwin13.4.0-clang   -march=core2 -mtune=haswell -mssse3 -ftree-vectorize -fPIC -fPIE -fstack-protector-strong -O2 -pipe -isystem /Users/usamiryuuichi/opt/anaconda3/envs/tello-p/include  -isysroot /Applications/Xcode.app/Contents/Developer/Platforms/MacOSX.platform/Developer/SDKs/MacOSX.sdk   -v -Wl -v -MD -MT CMakeFiles/cmTC_b6265.dir/CMakeCCompilerABI.c.o -MF CMakeFiles/cmTC_b6265.dir/CMakeCCompilerABI.c.o.d -o CMakeFiles/cmTC_b6265.dir/CMakeCCompilerABI.c.o -c /Users/usamiryuuichi/opt/anaconda3/envs/tello-p/share/cmake-3.22/Modules/CMakeCCompilerABI.c]
  ignore line: [clang version 12.0.1]
  ignore line: [Target: x86_64-apple-darwin13.4.0]
  ignore line: [Thread model: posix]
  ignore line: [InstalledDir: /Users/usamiryuuichi/opt/anaconda3/envs/tello-p/bin]
  ignore line: [clang-12: warning: -Wl -v: 'linker' input unused [-Wunused-command-line-argument]]
  ignore line: [ (in-process)]
  ignore line: [ "/Users/usamiryuuichi/opt/anaconda3/envs/tello-p/bin/clang-12" -cc1 -triple x86_64-apple-macosx12.3.0 -Wundef-prefix=TARGET_OS_OSX -Werror=undef-prefix -Wdeprecated-objc-isa-usage -Werror=deprecated-objc-isa-usage -emit-obj --mrelax-relocations -disable-free -disable-llvm-verifier -discard-value-names -main-file-name CMakeCCompilerABI.c -mrelocation-model pic -pic-level 2 -mframe-pointer=all -fno-rounding-math -munwind-tables -target-sdk-version=12.3 -fcompatibility-qualified-id-block-type-checking -fvisibility-inlines-hidden-static-local-var -target-cpu core2 -target-feature +ssse3 -tune-cpu haswell -debugger-tuning=lldb -target-linker-version 530 -v -resource-dir /Users/usamiryuuichi/opt/anaconda3/envs/tello-p/lib/clang/12.0.1 -dependency-file CMakeFiles/cmTC_b6265.dir/CMakeCCompilerABI.c.o.d -MT CMakeFiles/cmTC_b6265.dir/CMakeCCompilerABI.c.o -sys-header-deps -isystem /Users/usamiryuuichi/opt/anaconda3/envs/tello-p/include -isysroot /Applications/Xcode.app/Contents/Developer/Platforms/MacOSX.platform/Developer/SDKs/MacOSX.sdk -internal-isystem /Applications/Xcode.app/Contents/Developer/Platforms/MacOSX.platform/Developer/SDKs/MacOSX.sdk/usr/local/include -internal-isystem /Users/usamiryuuichi/opt/anaconda3/envs/tello-p/lib/clang/12.0.1/include -internal-externc-isystem /Applications/Xcode.app/Contents/Developer/Platforms/MacOSX.platform/Developer/SDKs/MacOSX.sdk/usr/include -O2 -fdebug-compilation-dir /Users/usamiryuuichi/Desktop/h264decoder/build/CMakeFiles/CMakeTmp -ferror-limit 19 -stack-protector 2 -fblocks -fencode-extended-block-signature -fregister-global-dtors-with-atexit -fgnuc-version=4.2.1 -fmax-type-align=16 -vectorize-loops -vectorize-slp -o CMakeFiles/cmTC_b6265.dir/CMakeCCompilerABI.c.o -x c /Users/usamiryuuichi/opt/anaconda3/envs/tello-p/share/cmake-3.22/Modules/CMakeCCompilerABI.c]
  ignore line: [clang -cc1 version 12.0.1 based upon LLVM 12.0.1 default target x86_64-apple-darwin22.1.0]
  ignore line: [ignoring nonexistent directory "/Applications/Xcode.app/Contents/Developer/Platforms/MacOSX.platform/Developer/SDKs/MacOSX.sdk/usr/local/include"]
  ignore line: [ignoring nonexistent directory "/Applications/Xcode.app/Contents/Developer/Platforms/MacOSX.platform/Developer/SDKs/MacOSX.sdk/Library/Frameworks"]
  ignore line: [#include "..." search starts here:]
  ignore line: [#include <...> search starts here:]
  ignore line: [ /Users/usamiryuuichi/opt/anaconda3/envs/tello-p/include]
  ignore line: [ /Users/usamiryuuichi/opt/anaconda3/envs/tello-p/lib/clang/12.0.1/include]
  ignore line: [ /Applications/Xcode.app/Contents/Developer/Platforms/MacOSX.platform/Developer/SDKs/MacOSX.sdk/usr/include]
  ignore line: [ /Applications/Xcode.app/Contents/Developer/Platforms/MacOSX.platform/Developer/SDKs/MacOSX.sdk/System/Library/Frameworks (framework directory)]
  ignore line: [End of search list.]
  ignore line: [Linking C executable cmTC_b6265]
  ignore line: [/Users/usamiryuuichi/opt/anaconda3/envs/tello-p/bin/cmake -E cmake_link_script CMakeFiles/cmTC_b6265.dir/link.txt --verbose=1]
  ignore line: [/Users/usamiryuuichi/opt/anaconda3/envs/tello-p/bin/x86_64-apple-darwin13.4.0-clang -march=core2 -mtune=haswell -mssse3 -ftree-vectorize -fPIC -fPIE -fstack-protector-strong -O2 -pipe -isystem /Users/usamiryuuichi/opt/anaconda3/envs/tello-p/include  -isysroot /Applications/Xcode.app/Contents/Developer/Platforms/MacOSX.platform/Developer/SDKs/MacOSX.sdk -Wl -search_paths_first -Wl -headerpad_max_install_names -Wl -pie -Wl -headerpad_max_install_names -Wl -dead_strip_dylibs -Wl -rpath /Users/usamiryuuichi/opt/anaconda3/envs/tello-p/lib -L/Users/usamiryuuichi/opt/anaconda3/envs/tello-p/lib -v -Wl -v CMakeFiles/cmTC_b6265.dir/CMakeCCompilerABI.c.o -o cmTC_b6265 ]
  ignore line: [clang version 12.0.1]
  ignore line: [Target: x86_64-apple-darwin13.4.0]
  ignore line: [Thread model: posix]
  ignore line: [InstalledDir: /Users/usamiryuuichi/opt/anaconda3/envs/tello-p/bin]
  link line: [ "/Users/usamiryuuichi/opt/anaconda3/envs/tello-p/bin/x86_64-apple-darwin13.4.0-ld" -demangle -lto_library /Users/usamiryuuichi/opt/anaconda3/envs/tello-p/lib/libLTO.12.dylib -dynamic -arch x86_64 -platform_version macos 12.3.0 12.3 -pie -syslibroot /Applications/Xcode.app/Contents/Developer/Platforms/MacOSX.platform/Developer/SDKs/MacOSX.sdk -o cmTC_b6265 -L/Users/usamiryuuichi/opt/anaconda3/envs/tello-p/lib -search_paths_first -headerpad_max_install_names -pie -headerpad_max_install_names -dead_strip_dylibs -rpath /Users/usamiryuuichi/opt/anaconda3/envs/tello-p/lib -v CMakeFiles/cmTC_b6265.dir/CMakeCCompilerABI.c.o -lSystem /Users/usamiryuuichi/opt/anaconda3/envs/tello-p/lib/clang/12.0.1/lib/darwin/libclang_rt.osx.a]
    arg [/Users/usamiryuuichi/opt/anaconda3/envs/tello-p/bin/x86_64-apple-darwin13.4.0-ld] ==> ignore
    arg [-demangle] ==> ignore
    arg [-lto_library] ==> ignore, skip following value
    arg [/Users/usamiryuuichi/opt/anaconda3/envs/tello-p/lib/libLTO.12.dylib] ==> skip value of -lto_library
    arg [-dynamic] ==> ignore
    arg [-arch] ==> ignore
    arg [x86_64] ==> ignore
    arg [-platform_version] ==> ignore
    arg [macos] ==> ignore
    arg [12.3.0] ==> ignore
    arg [12.3] ==> ignore
    arg [-pie] ==> ignore
    arg [-syslibroot] ==> ignore
    arg [/Applications/Xcode.app/Contents/Developer/Platforms/MacOSX.platform/Developer/SDKs/MacOSX.sdk] ==> ignore
    arg [-o] ==> ignore
    arg [cmTC_b6265] ==> ignore
    arg [-L/Users/usamiryuuichi/opt/anaconda3/envs/tello-p/lib] ==> dir [/Users/usamiryuuichi/opt/anaconda3/envs/tello-p/lib]
    arg [-search_paths_first] ==> ignore
    arg [-headerpad_max_install_names] ==> ignore
    arg [-pie] ==> ignore
    arg [-headerpad_max_install_names] ==> ignore
    arg [-dead_strip_dylibs] ==> ignore
    arg [-rpath] ==> ignore
    arg [/Users/usamiryuuichi/opt/anaconda3/envs/tello-p/lib] ==> ignore
    arg [-v] ==> ignore
    arg [CMakeFiles/cmTC_b6265.dir/CMakeCCompilerABI.c.o] ==> ignore
    arg [-lSystem] ==> lib [System]
    arg [/Users/usamiryuuichi/opt/anaconda3/envs/tello-p/lib/clang/12.0.1/lib/darwin/libclang_rt.osx.a] ==> lib [/Users/usamiryuuichi/opt/anaconda3/envs/tello-p/lib/clang/12.0.1/lib/darwin/libclang_rt.osx.a]
  Library search paths: [;/Users/usamiryuuichi/opt/anaconda3/envs/tello-p/lib;/Applications/Xcode.app/Contents/Developer/Platforms/MacOSX.platform/Developer/SDKs/MacOSX.sdk/usr/lib]
  Framework search paths: [;/Applications/Xcode.app/Contents/Developer/Platforms/MacOSX.platform/Developer/SDKs/MacOSX.sdk/System/Library/Frameworks/]
  remove lib [System]
  remove lib [/Users/usamiryuuichi/opt/anaconda3/envs/tello-p/lib/clang/12.0.1/lib/darwin/libclang_rt.osx.a]
  collapse library dir [/Users/usamiryuuichi/opt/anaconda3/envs/tello-p/lib] ==> [/Users/usamiryuuichi/opt/anaconda3/envs/tello-p/lib]
  collapse library dir [/Users/usamiryuuichi/opt/anaconda3/envs/tello-p/lib] ==> [/Users/usamiryuuichi/opt/anaconda3/envs/tello-p/lib]
  collapse library dir [/Applications/Xcode.app/Contents/Developer/Platforms/MacOSX.platform/Developer/SDKs/MacOSX.sdk/usr/lib] ==> [/Applications/Xcode.app/Contents/Developer/Platforms/MacOSX.platform/Developer/SDKs/MacOSX.sdk/usr/lib]
  collapse framework dir [/Applications/Xcode.app/Contents/Developer/Platforms/MacOSX.platform/Developer/SDKs/MacOSX.sdk/System/Library/Frameworks/] ==> [/Applications/Xcode.app/Contents/Developer/Platforms/MacOSX.platform/Developer/SDKs/MacOSX.sdk/System/Library/Frameworks]
  implicit libs: []
  implicit objs: []
  implicit dirs: [/Users/usamiryuuichi/opt/anaconda3/envs/tello-p/lib;/Applications/Xcode.app/Contents/Developer/Platforms/MacOSX.platform/Developer/SDKs/MacOSX.sdk/usr/lib]
  implicit fwks: [/Applications/Xcode.app/Contents/Developer/Platforms/MacOSX.platform/Developer/SDKs/MacOSX.sdk/System/Library/Frameworks]


Detecting CXX compiler ABI info compiled with the following output:
Change Dir: /Users/usamiryuuichi/Desktop/h264decoder/build/CMakeFiles/CMakeTmp

Run Build Command(s):/usr/bin/make -f Makefile cmTC_5d697/fast && /Applications/Xcode.app/Contents/Developer/usr/bin/make  -f CMakeFiles/cmTC_5d697.dir/build.make CMakeFiles/cmTC_5d697.dir/build
Building CXX object CMakeFiles/cmTC_5d697.dir/CMakeCXXCompilerABI.cpp.o
/Users/usamiryuuichi/opt/anaconda3/envs/tello-p/bin/x86_64-apple-darwin13.4.0-clang++   -march=core2 -mtune=haswell -mssse3 -ftree-vectorize -fPIC -fPIE -fstack-protector-strong -O2 -pipe -stdlib=libc++ -fvisibility-inlines-hidden -fmessage-length=0 -isystem /Users/usamiryuuichi/opt/anaconda3/envs/tello-p/include  -isysroot /Applications/Xcode.app/Contents/Developer/Platforms/MacOSX.platform/Developer/SDKs/MacOSX.sdk   -v -Wl,-v -MD -MT CMakeFiles/cmTC_5d697.dir/CMakeCXXCompilerABI.cpp.o -MF CMakeFiles/cmTC_5d697.dir/CMakeCXXCompilerABI.cpp.o.d -o CMakeFiles/cmTC_5d697.dir/CMakeCXXCompilerABI.cpp.o -c /Users/usamiryuuichi/opt/anaconda3/envs/tello-p/share/cmake-3.22/Modules/CMakeCXXCompilerABI.cpp
clang version 12.0.1
Target: x86_64-apple-darwin13.4.0
Thread model: posix
InstalledDir: /Users/usamiryuuichi/opt/anaconda3/envs/tello-p/bin
clang-12: warning: -Wl,-v: 'linker' input unused [-Wunused-command-line-argument]
 (in-process)
 "/Users/usamiryuuichi/opt/anaconda3/envs/tello-p/bin/clang-12" -cc1 -triple x86_64-apple-macosx12.3.0 -Wundef-prefix=TARGET_OS_OSX -Werror=undef-prefix -Wdeprecated-objc-isa-usage -Werror=deprecated-objc-isa-usage -emit-obj --mrelax-relocations -disable-free -disable-llvm-verifier -discard-value-names -main-file-name CMakeCXXCompilerABI.cpp -mrelocation-model pic -pic-level 2 -mframe-pointer=all -fno-rounding-math -munwind-tables -target-sdk-version=12.3 -fcompatibility-qualified-id-block-type-checking -fvisibility-inlines-hidden-static-local-var -target-cpu core2 -target-feature +ssse3 -tune-cpu haswell -debugger-tuning=lldb -target-linker-version 530 -v -resource-dir /Users/usamiryuuichi/opt/anaconda3/envs/tello-p/lib/clang/12.0.1 -dependency-file CMakeFiles/cmTC_5d697.dir/CMakeCXXCompilerABI.cpp.o.d -MT CMakeFiles/cmTC_5d697.dir/CMakeCXXCompilerABI.cpp.o -sys-header-deps -isystem /Users/usamiryuuichi/opt/anaconda3/envs/tello-p/include -isysroot /Applications/Xcode.app/Contents/Developer/Platforms/MacOSX.platform/Developer/SDKs/MacOSX.sdk -stdlib=libc++ -internal-isystem /Users/usamiryuuichi/opt/anaconda3/envs/tello-p/bin/../include/c++/v1 -internal-isystem /Applications/Xcode.app/Contents/Developer/Platforms/MacOSX.platform/Developer/SDKs/MacOSX.sdk/usr/local/include -internal-isystem /Users/usamiryuuichi/opt/anaconda3/envs/tello-p/lib/clang/12.0.1/include -internal-externc-isystem /Applications/Xcode.app/Contents/Developer/Platforms/MacOSX.platform/Developer/SDKs/MacOSX.sdk/usr/include -O2 -fdeprecated-macro -fdebug-compilation-dir /Users/usamiryuuichi/Desktop/h264decoder/build/CMakeFiles/CMakeTmp -ferror-limit 19 -fvisibility-inlines-hidden -stack-protector 2 -fblocks -fencode-extended-block-signature -fregister-global-dtors-with-atexit -fgnuc-version=4.2.1 -fcxx-exceptions -fexceptions -fmax-type-align=16 -vectorize-loops -vectorize-slp -o CMakeFiles/cmTC_5d697.dir/CMakeCXXCompilerABI.cpp.o -x c++ /Users/usamiryuuichi/opt/anaconda3/envs/tello-p/share/cmake-3.22/Modules/CMakeCXXCompilerABI.cpp
clang -cc1 version 12.0.1 based upon LLVM 12.0.1 default target x86_64-apple-darwin22.1.0
ignoring nonexistent directory "/Applications/Xcode.app/Contents/Developer/Platforms/MacOSX.platform/Developer/SDKs/MacOSX.sdk/usr/local/include"
ignoring nonexistent directory "/Applications/Xcode.app/Contents/Developer/Platforms/MacOSX.platform/Developer/SDKs/MacOSX.sdk/Library/Frameworks"
#include "..." search starts here:
#include <...> search starts here:
 /Users/usamiryuuichi/opt/anaconda3/envs/tello-p/include
 /Users/usamiryuuichi/opt/anaconda3/envs/tello-p/bin/../include/c++/v1
 /Users/usamiryuuichi/opt/anaconda3/envs/tello-p/lib/clang/12.0.1/include
 /Applications/Xcode.app/Contents/Developer/Platforms/MacOSX.platform/Developer/SDKs/MacOSX.sdk/usr/include
 /Applications/Xcode.app/Contents/Developer/Platforms/MacOSX.platform/Developer/SDKs/MacOSX.sdk/System/Library/Frameworks (framework directory)
End of search list.
Linking CXX executable cmTC_5d697
/Users/usamiryuuichi/opt/anaconda3/envs/tello-p/bin/cmake -E cmake_link_script CMakeFiles/cmTC_5d697.dir/link.txt --verbose=1
/Users/usamiryuuichi/opt/anaconda3/envs/tello-p/bin/x86_64-apple-darwin13.4.0-clang++ -march=core2 -mtune=haswell -mssse3 -ftree-vectorize -fPIC -fPIE -fstack-protector-strong -O2 -pipe -stdlib=libc++ -fvisibility-inlines-hidden -fmessage-length=0 -isystem /Users/usamiryuuichi/opt/anaconda3/envs/tello-p/include  -isysroot /Applications/Xcode.app/Contents/Developer/Platforms/MacOSX.platform/Developer/SDKs/MacOSX.sdk -Wl,-search_paths_first -Wl,-headerpad_max_install_names -Wl,-pie -Wl,-headerpad_max_install_names -Wl,-dead_strip_dylibs -Wl,-rpath,/Users/usamiryuuichi/opt/anaconda3/envs/tello-p/lib -L/Users/usamiryuuichi/opt/anaconda3/envs/tello-p/lib -v -Wl,-v CMakeFiles/cmTC_5d697.dir/CMakeCXXCompilerABI.cpp.o -o cmTC_5d697 
clang version 12.0.1
Target: x86_64-apple-darwin13.4.0
Thread model: posix
InstalledDir: /Users/usamiryuuichi/opt/anaconda3/envs/tello-p/bin
 "/Users/usamiryuuichi/opt/anaconda3/envs/tello-p/bin/x86_64-apple-darwin13.4.0-ld" -demangle -lto_library /Users/usamiryuuichi/opt/anaconda3/envs/tello-p/lib/libLTO.12.dylib -dynamic -arch x86_64 -platform_version macos 12.3.0 12.3 -pie -syslibroot /Applications/Xcode.app/Contents/Developer/Platforms/MacOSX.platform/Developer/SDKs/MacOSX.sdk -o cmTC_5d697 -L/Users/usamiryuuichi/opt/anaconda3/envs/tello-p/lib -search_paths_first -headerpad_max_install_names -pie -headerpad_max_install_names -dead_strip_dylibs -rpath /Users/usamiryuuichi/opt/anaconda3/envs/tello-p/lib -v CMakeFiles/cmTC_5d697.dir/CMakeCXXCompilerABI.cpp.o -lc++ -lSystem /Users/usamiryuuichi/opt/anaconda3/envs/tello-p/lib/clang/12.0.1/lib/darwin/libclang_rt.osx.a
@(#)PROGRAM:ld  PROJECT:ld64-609
BUILD 21:07:21 Sep 14 2021
configured to support archs: armv6 armv7 armv7s arm64 arm64e arm64_32 i386 x86_64 x86_64h armv6m armv7k armv7m armv7em (tvOS)
Library search paths:
	/Users/usamiryuuichi/opt/anaconda3/envs/tello-p/lib
	/Applications/Xcode.app/Contents/Developer/Platforms/MacOSX.platform/Developer/SDKs/MacOSX.sdk/usr/lib
Framework search paths:
	/Applications/Xcode.app/Contents/Developer/Platforms/MacOSX.platform/Developer/SDKs/MacOSX.sdk/System/Library/Frameworks/



Parsed CXX implicit include dir info from above output: rv=done
  found start of include info
  found start of implicit include info
    add: [/Users/usamiryuuichi/opt/anaconda3/envs/tello-p/include]
    add: [/Users/usamiryuuichi/opt/anaconda3/envs/tello-p/bin/../include/c++/v1]
    add: [/Users/usamiryuuichi/opt/anaconda3/envs/tello-p/lib/clang/12.0.1/include]
    add: [/Applications/Xcode.app/Contents/Developer/Platforms/MacOSX.platform/Developer/SDKs/MacOSX.sdk/usr/include]
  end of search list found
  collapse include dir [/Users/usamiryuuichi/opt/anaconda3/envs/tello-p/include] ==> [/Users/usamiryuuichi/opt/anaconda3/envs/tello-p/include]
  collapse include dir [/Users/usamiryuuichi/opt/anaconda3/envs/tello-p/bin/../include/c++/v1] ==> [/Users/usamiryuuichi/opt/anaconda3/envs/tello-p/include/c++/v1]
  collapse include dir [/Users/usamiryuuichi/opt/anaconda3/envs/tello-p/lib/clang/12.0.1/include] ==> [/Users/usamiryuuichi/opt/anaconda3/envs/tello-p/lib/clang/12.0.1/include]
  collapse include dir [/Applications/Xcode.app/Contents/Developer/Platforms/MacOSX.platform/Developer/SDKs/MacOSX.sdk/usr/include] ==> [/Applications/Xcode.app/Contents/Developer/Platforms/MacOSX.platform/Developer/SDKs/MacOSX.sdk/usr/include]
  implicit include dirs: [/Users/usamiryuuichi/opt/anaconda3/envs/tello-p/include;/Users/usamiryuuichi/opt/anaconda3/envs/tello-p/include/c++/v1;/Users/usamiryuuichi/opt/anaconda3/envs/tello-p/lib/clang/12.0.1/include;/Applications/Xcode.app/Contents/Developer/Platforms/MacOSX.platform/Developer/SDKs/MacOSX.sdk/usr/include]


Parsed CXX implicit link information from above output:
  link line regex: [^( *|.*[/\])(x86_64-apple-darwin13\.4\.0-ld|CMAKE_LINK_STARTFILE-NOTFOUND|([^/\]+-)?ld|collect2)[^/\]*( |$)]
  ignore line: [Change Dir: /Users/usamiryuuichi/Desktop/h264decoder/build/CMakeFiles/CMakeTmp]
  ignore line: []
  ignore line: [Run Build Command(s):/usr/bin/make -f Makefile cmTC_5d697/fast && /Applications/Xcode.app/Contents/Developer/usr/bin/make  -f CMakeFiles/cmTC_5d697.dir/build.make CMakeFiles/cmTC_5d697.dir/build]
  ignore line: [Building CXX object CMakeFiles/cmTC_5d697.dir/CMakeCXXCompilerABI.cpp.o]
  ignore line: [/Users/usamiryuuichi/opt/anaconda3/envs/tello-p/bin/x86_64-apple-darwin13.4.0-clang++   -march=core2 -mtune=haswell -mssse3 -ftree-vectorize -fPIC -fPIE -fstack-protector-strong -O2 -pipe -stdlib=libc++ -fvisibility-inlines-hidden -fmessage-length=0 -isystem /Users/usamiryuuichi/opt/anaconda3/envs/tello-p/include  -isysroot /Applications/Xcode.app/Contents/Developer/Platforms/MacOSX.platform/Developer/SDKs/MacOSX.sdk   -v -Wl -v -MD -MT CMakeFiles/cmTC_5d697.dir/CMakeCXXCompilerABI.cpp.o -MF CMakeFiles/cmTC_5d697.dir/CMakeCXXCompilerABI.cpp.o.d -o CMakeFiles/cmTC_5d697.dir/CMakeCXXCompilerABI.cpp.o -c /Users/usamiryuuichi/opt/anaconda3/envs/tello-p/share/cmake-3.22/Modules/CMakeCXXCompilerABI.cpp]
  ignore line: [clang version 12.0.1]
  ignore line: [Target: x86_64-apple-darwin13.4.0]
  ignore line: [Thread model: posix]
  ignore line: [InstalledDir: /Users/usamiryuuichi/opt/anaconda3/envs/tello-p/bin]
  ignore line: [clang-12: warning: -Wl -v: 'linker' input unused [-Wunused-command-line-argument]]
  ignore line: [ (in-process)]
  ignore line: [ "/Users/usamiryuuichi/opt/anaconda3/envs/tello-p/bin/clang-12" -cc1 -triple x86_64-apple-macosx12.3.0 -Wundef-prefix=TARGET_OS_OSX -Werror=undef-prefix -Wdeprecated-objc-isa-usage -Werror=deprecated-objc-isa-usage -emit-obj --mrelax-relocations -disable-free -disable-llvm-verifier -discard-value-names -main-file-name CMakeCXXCompilerABI.cpp -mrelocation-model pic -pic-level 2 -mframe-pointer=all -fno-rounding-math -munwind-tables -target-sdk-version=12.3 -fcompatibility-qualified-id-block-type-checking -fvisibility-inlines-hidden-static-local-var -target-cpu core2 -target-feature +ssse3 -tune-cpu haswell -debugger-tuning=lldb -target-linker-version 530 -v -resource-dir /Users/usamiryuuichi/opt/anaconda3/envs/tello-p/lib/clang/12.0.1 -dependency-file CMakeFiles/cmTC_5d697.dir/CMakeCXXCompilerABI.cpp.o.d -MT CMakeFiles/cmTC_5d697.dir/CMakeCXXCompilerABI.cpp.o -sys-header-deps -isystem /Users/usamiryuuichi/opt/anaconda3/envs/tello-p/include -isysroot /Applications/Xcode.app/Contents/Developer/Platforms/MacOSX.platform/Developer/SDKs/MacOSX.sdk -stdlib=libc++ -internal-isystem /Users/usamiryuuichi/opt/anaconda3/envs/tello-p/bin/../include/c++/v1 -internal-isystem /Applications/Xcode.app/Contents/Developer/Platforms/MacOSX.platform/Developer/SDKs/MacOSX.sdk/usr/local/include -internal-isystem /Users/usamiryuuichi/opt/anaconda3/envs/tello-p/lib/clang/12.0.1/include -internal-externc-isystem /Applications/Xcode.app/Contents/Developer/Platforms/MacOSX.platform/Developer/SDKs/MacOSX.sdk/usr/include -O2 -fdeprecated-macro -fdebug-compilation-dir /Users/usamiryuuichi/Desktop/h264decoder/build/CMakeFiles/CMakeTmp -ferror-limit 19 -fvisibility-inlines-hidden -stack-protector 2 -fblocks -fencode-extended-block-signature -fregister-global-dtors-with-atexit -fgnuc-version=4.2.1 -fcxx-exceptions -fexceptions -fmax-type-align=16 -vectorize-loops -vectorize-slp -o CMakeFiles/cmTC_5d697.dir/CMakeCXXCompilerABI.cpp.o -x c++ /Users/usamiryuuichi/opt/anaconda3/envs/tello-p/share/cmake-3.22/Modules/CMakeCXXCompilerABI.cpp]
  ignore line: [clang -cc1 version 12.0.1 based upon LLVM 12.0.1 default target x86_64-apple-darwin22.1.0]
  ignore line: [ignoring nonexistent directory "/Applications/Xcode.app/Contents/Developer/Platforms/MacOSX.platform/Developer/SDKs/MacOSX.sdk/usr/local/include"]
  ignore line: [ignoring nonexistent directory "/Applications/Xcode.app/Contents/Developer/Platforms/MacOSX.platform/Developer/SDKs/MacOSX.sdk/Library/Frameworks"]
  ignore line: [#include "..." search starts here:]
  ignore line: [#include <...> search starts here:]
  ignore line: [ /Users/usamiryuuichi/opt/anaconda3/envs/tello-p/include]
  ignore line: [ /Users/usamiryuuichi/opt/anaconda3/envs/tello-p/bin/../include/c++/v1]
  ignore line: [ /Users/usamiryuuichi/opt/anaconda3/envs/tello-p/lib/clang/12.0.1/include]
  ignore line: [ /Applications/Xcode.app/Contents/Developer/Platforms/MacOSX.platform/Developer/SDKs/MacOSX.sdk/usr/include]
  ignore line: [ /Applications/Xcode.app/Contents/Developer/Platforms/MacOSX.platform/Developer/SDKs/MacOSX.sdk/System/Library/Frameworks (framework directory)]
  ignore line: [End of search list.]
  ignore line: [Linking CXX executable cmTC_5d697]
  ignore line: [/Users/usamiryuuichi/opt/anaconda3/envs/tello-p/bin/cmake -E cmake_link_script CMakeFiles/cmTC_5d697.dir/link.txt --verbose=1]
  ignore line: [/Users/usamiryuuichi/opt/anaconda3/envs/tello-p/bin/x86_64-apple-darwin13.4.0-clang++ -march=core2 -mtune=haswell -mssse3 -ftree-vectorize -fPIC -fPIE -fstack-protector-strong -O2 -pipe -stdlib=libc++ -fvisibility-inlines-hidden -fmessage-length=0 -isystem /Users/usamiryuuichi/opt/anaconda3/envs/tello-p/include  -isysroot /Applications/Xcode.app/Contents/Developer/Platforms/MacOSX.platform/Developer/SDKs/MacOSX.sdk -Wl -search_paths_first -Wl -headerpad_max_install_names -Wl -pie -Wl -headerpad_max_install_names -Wl -dead_strip_dylibs -Wl -rpath /Users/usamiryuuichi/opt/anaconda3/envs/tello-p/lib -L/Users/usamiryuuichi/opt/anaconda3/envs/tello-p/lib -v -Wl -v CMakeFiles/cmTC_5d697.dir/CMakeCXXCompilerABI.cpp.o -o cmTC_5d697 ]
  ignore line: [clang version 12.0.1]
  ignore line: [Target: x86_64-apple-darwin13.4.0]
  ignore line: [Thread model: posix]
  ignore line: [InstalledDir: /Users/usamiryuuichi/opt/anaconda3/envs/tello-p/bin]
  link line: [ "/Users/usamiryuuichi/opt/anaconda3/envs/tello-p/bin/x86_64-apple-darwin13.4.0-ld" -demangle -lto_library /Users/usamiryuuichi/opt/anaconda3/envs/tello-p/lib/libLTO.12.dylib -dynamic -arch x86_64 -platform_version macos 12.3.0 12.3 -pie -syslibroot /Applications/Xcode.app/Contents/Developer/Platforms/MacOSX.platform/Developer/SDKs/MacOSX.sdk -o cmTC_5d697 -L/Users/usamiryuuichi/opt/anaconda3/envs/tello-p/lib -search_paths_first -headerpad_max_install_names -pie -headerpad_max_install_names -dead_strip_dylibs -rpath /Users/usamiryuuichi/opt/anaconda3/envs/tello-p/lib -v CMakeFiles/cmTC_5d697.dir/CMakeCXXCompilerABI.cpp.o -lc++ -lSystem /Users/usamiryuuichi/opt/anaconda3/envs/tello-p/lib/clang/12.0.1/lib/darwin/libclang_rt.osx.a]
    arg [/Users/usamiryuuichi/opt/anaconda3/envs/tello-p/bin/x86_64-apple-darwin13.4.0-ld] ==> ignore
    arg [-demangle] ==> ignore
    arg [-lto_library] ==> ignore, skip following value
    arg [/Users/usamiryuuichi/opt/anaconda3/envs/tello-p/lib/libLTO.12.dylib] ==> skip value of -lto_library
    arg [-dynamic] ==> ignore
    arg [-arch] ==> ignore
    arg [x86_64] ==> ignore
    arg [-platform_version] ==> ignore
    arg [macos] ==> ignore
    arg [12.3.0] ==> ignore
    arg [12.3] ==> ignore
    arg [-pie] ==> ignore
    arg [-syslibroot] ==> ignore
    arg [/Applications/Xcode.app/Contents/Developer/Platforms/MacOSX.platform/Developer/SDKs/MacOSX.sdk] ==> ignore
    arg [-o] ==> ignore
    arg [cmTC_5d697] ==> ignore
    arg [-L/Users/usamiryuuichi/opt/anaconda3/envs/tello-p/lib] ==> dir [/Users/usamiryuuichi/opt/anaconda3/envs/tello-p/lib]
    arg [-search_paths_first] ==> ignore
    arg [-headerpad_max_install_names] ==> ignore
    arg [-pie] ==> ignore
    arg [-headerpad_max_install_names] ==> ignore
    arg [-dead_strip_dylibs] ==> ignore
    arg [-rpath] ==> ignore
    arg [/Users/usamiryuuichi/opt/anaconda3/envs/tello-p/lib] ==> ignore
    arg [-v] ==> ignore
    arg [CMakeFiles/cmTC_5d697.dir/CMakeCXXCompilerABI.cpp.o] ==> ignore
    arg [-lc++] ==> lib [c++]
    arg [-lSystem] ==> lib [System]
    arg [/Users/usamiryuuichi/opt/anaconda3/envs/tello-p/lib/clang/12.0.1/lib/darwin/libclang_rt.osx.a] ==> lib [/Users/usamiryuuichi/opt/anaconda3/envs/tello-p/lib/clang/12.0.1/lib/darwin/libclang_rt.osx.a]
  Library search paths: [;/Users/usamiryuuichi/opt/anaconda3/envs/tello-p/lib;/Applications/Xcode.app/Contents/Developer/Platforms/MacOSX.platform/Developer/SDKs/MacOSX.sdk/usr/lib]
  Framework search paths: [;/Applications/Xcode.app/Contents/Developer/Platforms/MacOSX.platform/Developer/SDKs/MacOSX.sdk/System/Library/Frameworks/]
  remove lib [System]
  remove lib [/Users/usamiryuuichi/opt/anaconda3/envs/tello-p/lib/clang/12.0.1/lib/darwin/libclang_rt.osx.a]
  collapse library dir [/Users/usamiryuuichi/opt/anaconda3/envs/tello-p/lib] ==> [/Users/usamiryuuichi/opt/anaconda3/envs/tello-p/lib]
  collapse library dir [/Users/usamiryuuichi/opt/anaconda3/envs/tello-p/lib] ==> [/Users/usamiryuuichi/opt/anaconda3/envs/tello-p/lib]
  collapse library dir [/Applications/Xcode.app/Contents/Developer/Platforms/MacOSX.platform/Developer/SDKs/MacOSX.sdk/usr/lib] ==> [/Applications/Xcode.app/Contents/Developer/Platforms/MacOSX.platform/Developer/SDKs/MacOSX.sdk/usr/lib]
  collapse framework dir [/Applications/Xcode.app/Contents/Developer/Platforms/MacOSX.platform/Developer/SDKs/MacOSX.sdk/System/Library/Frameworks/] ==> [/Applications/Xcode.app/Contents/Developer/Platforms/MacOSX.platform/Developer/SDKs/MacOSX.sdk/System/Library/Frameworks]
  implicit libs: [c++]
  implicit objs: []
  implicit dirs: [/Users/usamiryuuichi/opt/anaconda3/envs/tello-p/lib;/Applications/Xcode.app/Contents/Developer/Platforms/MacOSX.platform/Developer/SDKs/MacOSX.sdk/usr/lib]
  implicit fwks: [/Applications/Xcode.app/Contents/Developer/Platforms/MacOSX.platform/Developer/SDKs/MacOSX.sdk/System/Library/Frameworks]


Performing C++ SOURCE FILE Test HAS_FLTO succeeded with the following output:
Change Dir: /Users/usamiryuuichi/Desktop/h264decoder/build/CMakeFiles/CMakeTmp

Run Build Command(s):/usr/bin/make -f Makefile cmTC_239ae/fast && /Applications/Xcode.app/Contents/Developer/usr/bin/make  -f CMakeFiles/cmTC_239ae.dir/build.make CMakeFiles/cmTC_239ae.dir/build
Building CXX object CMakeFiles/cmTC_239ae.dir/src.cxx.o
/Users/usamiryuuichi/opt/anaconda3/envs/tello-p/bin/x86_64-apple-darwin13.4.0-clang++ -DHAS_FLTO  -march=core2 -mtune=haswell -mssse3 -ftree-vectorize -fPIC -fPIE -fstack-protector-strong -O2 -pipe -stdlib=libc++ -fvisibility-inlines-hidden -fmessage-length=0 -isystem /Users/usamiryuuichi/opt/anaconda3/envs/tello-p/include  -isysroot /Applications/Xcode.app/Contents/Developer/Platforms/MacOSX.platform/Developer/SDKs/MacOSX.sdk   -flto -MD -MT CMakeFiles/cmTC_239ae.dir/src.cxx.o -MF CMakeFiles/cmTC_239ae.dir/src.cxx.o.d -o CMakeFiles/cmTC_239ae.dir/src.cxx.o -c /Users/usamiryuuichi/Desktop/h264decoder/build/CMakeFiles/CMakeTmp/src.cxx
Linking CXX executable cmTC_239ae
/Users/usamiryuuichi/opt/anaconda3/envs/tello-p/bin/cmake -E cmake_link_script CMakeFiles/cmTC_239ae.dir/link.txt --verbose=1
/Users/usamiryuuichi/opt/anaconda3/envs/tello-p/bin/x86_64-apple-darwin13.4.0-clang++ -march=core2 -mtune=haswell -mssse3 -ftree-vectorize -fPIC -fPIE -fstack-protector-strong -O2 -pipe -stdlib=libc++ -fvisibility-inlines-hidden -fmessage-length=0 -isystem /Users/usamiryuuichi/opt/anaconda3/envs/tello-p/include  -isysroot /Applications/Xcode.app/Contents/Developer/Platforms/MacOSX.platform/Developer/SDKs/MacOSX.sdk -Wl,-search_paths_first -Wl,-headerpad_max_install_names -Wl,-pie -Wl,-headerpad_max_install_names -Wl,-dead_strip_dylibs -Wl,-rpath,/Users/usamiryuuichi/opt/anaconda3/envs/tello-p/lib -L/Users/usamiryuuichi/opt/anaconda3/envs/tello-p/lib  CMakeFiles/cmTC_239ae.dir/src.cxx.o -o cmTC_239ae  -flto 


Source file was:
int main() { return 0; }
Performing C++ SOURCE FILE Test HAS_FLTO_THIN succeeded with the following output:
Change Dir: /Users/usamiryuuichi/Desktop/h264decoder/build/CMakeFiles/CMakeTmp

Run Build Command(s):/usr/bin/make -f Makefile cmTC_a58f5/fast && /Applications/Xcode.app/Contents/Developer/usr/bin/make  -f CMakeFiles/cmTC_a58f5.dir/build.make CMakeFiles/cmTC_a58f5.dir/build
Building CXX object CMakeFiles/cmTC_a58f5.dir/src.cxx.o
/Users/usamiryuuichi/opt/anaconda3/envs/tello-p/bin/x86_64-apple-darwin13.4.0-clang++ -DHAS_FLTO_THIN  -march=core2 -mtune=haswell -mssse3 -ftree-vectorize -fPIC -fPIE -fstack-protector-strong -O2 -pipe -stdlib=libc++ -fvisibility-inlines-hidden -fmessage-length=0 -isystem /Users/usamiryuuichi/opt/anaconda3/envs/tello-p/include  -isysroot /Applications/Xcode.app/Contents/Developer/Platforms/MacOSX.platform/Developer/SDKs/MacOSX.sdk   -flto=thin -MD -MT CMakeFiles/cmTC_a58f5.dir/src.cxx.o -MF CMakeFiles/cmTC_a58f5.dir/src.cxx.o.d -o CMakeFiles/cmTC_a58f5.dir/src.cxx.o -c /Users/usamiryuuichi/Desktop/h264decoder/build/CMakeFiles/CMakeTmp/src.cxx
Linking CXX executable cmTC_a58f5
/Users/usamiryuuichi/opt/anaconda3/envs/tello-p/bin/cmake -E cmake_link_script CMakeFiles/cmTC_a58f5.dir/link.txt --verbose=1
/Users/usamiryuuichi/opt/anaconda3/envs/tello-p/bin/x86_64-apple-darwin13.4.0-clang++ -march=core2 -mtune=haswell -mssse3 -ftree-vectorize -fPIC -fPIE -fstack-protector-strong -O2 -pipe -stdlib=libc++ -fvisibility-inlines-hidden -fmessage-length=0 -isystem /Users/usamiryuuichi/opt/anaconda3/envs/tello-p/include  -isysroot /Applications/Xcode.app/Contents/Developer/Platforms/MacOSX.platform/Developer/SDKs/MacOSX.sdk -Wl,-search_paths_first -Wl,-headerpad_max_install_names -Wl,-pie -Wl,-headerpad_max_install_names -Wl,-dead_strip_dylibs -Wl,-rpath,/Users/usamiryuuichi/opt/anaconda3/envs/tello-p/lib -L/Users/usamiryuuichi/opt/anaconda3/envs/tello-p/lib  CMakeFiles/cmTC_a58f5.dir/src.cxx.o -o cmTC_a58f5  -flto=thin 


Source file was:
int main() { return 0; }
